c:\users\dlriley\desktop\battle - copy\release\vc120.pdb
c:\users\dlriley\desktop\battle - copy\release\xmltest.obj
c:\users\dlriley\desktop\battle - copy\release\tinyxmlparser.obj
c:\users\dlriley\desktop\battle - copy\release\tinyxmlerror.obj
c:\users\dlriley\desktop\battle - copy\release\tinyxml.obj
c:\users\dlriley\desktop\battle - copy\release\tinystr.obj
c:\users\dlriley\desktop\battle - copy\release\cimportxfile.obj
c:\users\dlriley\desktop\battle - copy\release\rendermethod.obj
c:\users\dlriley\desktop\battle - copy\release\mesh.obj
c:\users\dlriley\desktop\battle - copy\release\utility.obj
c:\users\dlriley\desktop\battle - copy\release\msdefines.obj
c:\users\dlriley\desktop\battle - copy\release\ctimer.obj
c:\users\dlriley\desktop\battle - copy\release\chashtable.obj
c:\users\dlriley\desktop\battle - copy\release\cfatalexception.obj
c:\users\dlriley\desktop\battle - copy\release\messenger.obj
c:\users\dlriley\desktop\battle - copy\release\light.obj
c:\users\dlriley\desktop\battle - copy\release\entitymanager.obj
c:\users\dlriley\desktop\battle - copy\release\entity.obj
c:\users\dlriley\desktop\battle - copy\release\characterentity.obj
c:\users\dlriley\desktop\battle - copy\release\camera.obj
c:\users\dlriley\desktop\battle - copy\release\attackeffect.obj
c:\users\dlriley\desktop\battle - copy\release\mainapp.obj
c:\users\dlriley\desktop\battle - copy\release\battle.obj
c:\users\dlriley\desktop\battle - copy\release\mathio.obj
c:\users\dlriley\desktop\battle - copy\release\cvector4.obj
c:\users\dlriley\desktop\battle - copy\release\cvector3.obj
c:\users\dlriley\desktop\battle - copy\release\cvector2.obj
c:\users\dlriley\desktop\battle - copy\release\cquattransform.obj
c:\users\dlriley\desktop\battle - copy\release\cquaternion.obj
c:\users\dlriley\desktop\battle - copy\release\cmatrix4x4.obj
c:\users\dlriley\desktop\battle - copy\release\cmatrix3x3.obj
c:\users\dlriley\desktop\battle - copy\release\cmatrix2x2.obj
c:\users\dlriley\desktop\battle - copy\release\basemath.obj
c:\users\dlriley\desktop\battle - copy\release\input.obj
c:\users\dlriley\desktop\battle - copy\release\battle.exe
c:\users\dlriley\desktop\battle - copy\release\battle.pdb
c:\users\dlriley\desktop\battle - copy\release\battle.tlog\cl.command.1.tlog
c:\users\dlriley\desktop\battle - copy\release\battle.tlog\cl.read.1.tlog
c:\users\dlriley\desktop\battle - copy\release\battle.tlog\cl.write.1.tlog
c:\users\dlriley\desktop\battle - copy\release\battle.tlog\link.command.1.tlog
c:\users\dlriley\desktop\battle - copy\release\battle.tlog\link.read.1.tlog
c:\users\dlriley\desktop\battle - copy\release\battle.tlog\link.write.1.tlog
