Build started 23/01/2015 14:43:54.
     1>Project "C:\Users\DLRiley\Desktop\Battle\CarTag_2012.vcxproj" on node 2 (Build target(s)).
     1>ClCompile:
         C:\Program Files (x86)\Microsoft Visual Studio 12.0\VC\bin\CL.exe /c /ISource\AntTweakBar /ISource\Common /ISource\Math /ISource\UI /ISource\Scene /ISource\Render /ISource\Data /ISource\tinyxml /Zi /nologo /W3 /WX- /O2 /Ob1 /Oy /D WIN32 /D NDEBUG /D _WINDOWS /GF /Gm- /EHsc /MT /GS- /Gy /fp:precise /Zc:wchar_t /Zc:forScope /Fo"Release\\" /Fd"Release\vc120.pdb" /Gd /TP /wd4996 /analyze- /errorReport:prompt Source\Scene\AttackEffect.cpp Source\Scene\Attacks.cpp Source\Scene\CharacterEntity.cpp Source\Scene\Defence.cpp Source\Scene\EntityManager.cpp Source\Scene\ItemEffect.cpp Source\Scene\Items.cpp Source\Scene\Messenger.cpp Source\Battle.cpp
         AttackEffect.cpp
         Attacks.cpp
         CharacterEntity.cpp
         Defence.cpp
         EntityManager.cpp
         ItemEffect.cpp
         Items.cpp
         Messenger.cpp
         Battle.cpp
     1>Source\Battle.cpp(493): warning C4390: ';' : empty controlled statement found; is this the intent?
     1>Source\Battle.cpp(513): warning C4244: 'argument' : conversion from 'gen::TInt32' to 'gen::TFloat32', possible loss of data
         Generating Code...
       Link:
         C:\Program Files (x86)\Microsoft Visual Studio 12.0\VC\bin\link.exe /ERRORREPORT:PROMPT /OUT:"C:\Users\DLRiley\Desktop\Battle\Release\Battle.exe" /INCREMENTAL:NO /NOLOGO d3dxof.lib dxguid.lib d3dx9.lib d3d9.lib winmm.lib AntTweakBar64.lib /MANIFEST /MANIFESTUAC:"level='asInvoker' uiAccess='false'" /manifest:embed /DEBUG /PDB:"C:\Users\DLRiley\Desktop\Battle\Release\Battle.pdb" /SUBSYSTEM:WINDOWS /OPT:REF /OPT:ICF /TLBID:1 /DYNAMICBASE:NO /IMPLIB:"C:\Users\DLRiley\Desktop\Battle\Release\Battle.lib" /MACHINE:X86 /SAFESEH /IGNORE:4089 Release\AttackEffect.obj
         Release\Attacks.obj
         Release\Camera.obj
         Release\CharacterEntity.obj
         Release\Defence.obj
         Release\Entity.obj
         Release\EntityManager.obj
         Release\ItemEffect.obj
         Release\Items.obj
         Release\Light.obj
         Release\Messenger.obj
         Release\CFatalException.obj
         Release\CHashTable.obj
         Release\CTimer.obj
         Release\MSDefines.obj
         Release\Utility.obj
         Release\Mesh.obj
         Release\RenderMethod.obj
         Release\CImportXFile.obj
         Release\tinystr.obj
         Release\tinyxml.obj
         Release\tinyxmlerror.obj
         Release\tinyxmlparser.obj
         Release\xmltest.obj
         Release\Input.obj
         Release\BaseMath.obj
         Release\CMatrix2x2.obj
         Release\CMatrix3x3.obj
         Release\CMatrix4x4.obj
         Release\CQuaternion.obj
         Release\CQuatTransform.obj
         Release\CVector2.obj
         Release\CVector3.obj
         Release\CVector4.obj
         Release\MathIO.obj
         Release\Battle.obj
         Release\MainApp.obj
         CarTag_2012.vcxproj -> C:\Users\DLRiley\Desktop\Battle\Release\Battle.exe
     1>Done Building Project "C:\Users\DLRiley\Desktop\Battle\CarTag_2012.vcxproj" (Build target(s)).

Build succeeded.

Time Elapsed 00:00:08.63
